<?xml version="1.0" encoding="UTF-8" ?>
<testsuite failures="0" time="0.003" errors="0" skipped="0" tests="0" name="com.macys.stella.attribute.webservice.rest.test.CreateNewProductTypeTest">
  <properties>
    <property name="java.runtime.name" value="Java(TM) SE Runtime Environment"/>
    <property name="sun.boot.library.path" value="C:\Program Files\Java\jdk1.7.0_13\jre\bin"/>
    <property name="java.vm.version" value="23.7-b01"/>
    <property name="java.vm.vendor" value="Oracle Corporation"/>
    <property name="java.vendor.url" value="http://java.oracle.com/"/>
    <property name="path.separator" value=";"/>
    <property name="java.vm.name" value="Java HotSpot(TM) 64-Bit Server VM"/>
    <property name="file.encoding.pkg" value="sun.io"/>
    <property name="user.script" value=""/>
    <property name="user.country" value="US"/>
    <property name="sun.java.launcher" value="SUN_STANDARD"/>
    <property name="sun.os.patch.level" value=""/>
    <property name="java.vm.specification.name" value="Java Virtual Machine Specification"/>
    <property name="user.dir" value="E:\C.Users.admin\workspace\macys-stella-attribute-webservice-rest-test"/>
    <property name="java.runtime.version" value="1.7.0_13-b20"/>
    <property name="java.awt.graphicsenv" value="sun.awt.Win32GraphicsEnvironment"/>
    <property name="basedir" value="E:\C.Users.admin\workspace\macys-stella-attribute-webservice-rest-test"/>
    <property name="java.endorsed.dirs" value="C:\Program Files\Java\jdk1.7.0_13\jre\lib\endorsed"/>
    <property name="os.arch" value="amd64"/>
    <property name="surefire.real.class.path" value="E:\C.Users.admin\workspace\macys-stella-attribute-webservice-rest-test\target\surefire\surefirebooter4157426584744473155.jar"/>
    <property name="java.io.tmpdir" value="C:\Users\Admin\AppData\Local\Temp\"/>
    <property name="line.separator" value="
"/>
    <property name="java.vm.specification.vendor" value="Oracle Corporation"/>
    <property name="user.variant" value=""/>
    <property name="os.name" value="Windows 8"/>
    <property name="sun.jnu.encoding" value="Cp1252"/>
    <property name="java.library.path" value="C:\Program Files\Java\jdk1.7.0_13\jre\bin;C:\WINDOWS\Sun\Java\bin;C:\WINDOWS\system32;C:\WINDOWS;C:/Program Files/Java/jre1.8.0_131/bin/server;C:/Program Files/Java/jre1.8.0_131/bin;C:/Program Files/Java/jre1.8.0_131/lib/amd64;C:\ProgramData\Oracle\Java\javapath;C:\Program Files (x86)\RSA SecurID Token Common;C:\WINDOWS\system32;C:\WINDOWS;C:\WINDOWS\System32\Wbem;C:\WINDOWS\System32\WindowsPowerShell\v1.0\;E:\E Drive Data\Gspan Assets\Macys\apache-maven-2.2.1\bin;E:\Deepak_Android\android-sdk-windows\sdk\platform-tools;E:\Deepak_Android\android-sdk-windows\sdk\tools;C:\Program Files\Java\jdk1.8.0_131\bin;E:\E Drive Data\Gspan Assets\Macys\apache-maven-2.0.11\bin;C:\Program Files\nodejs\;C:\Python27;C:\Program Files (x86)\Skype\Phone\;E:\Deepak_Android\android-sdk-windows\sdk;E:\E Drive Data\Gspan Assets\Macys\eclipse;;."/>
    <property name="surefire.test.class.path" value="E:\C.Users.admin\workspace\macys-stella-attribute-webservice-rest-test\target\test-classes;E:\C.Users.admin\workspace\macys-stella-attribute-webservice-rest-test\target\classes;C:\Users\Admin\.m2\repository\com\oracle\ojdbc14\10.2.0.3.0\ojdbc14-10.2.0.3.0.jar;C:\Users\Admin\.m2\repository\javax\xml\bind\jaxb-api\2.1\jaxb-api-2.1.jar;C:\Users\Admin\.m2\repository\javax\xml\stream\stax-api\1.0-2\stax-api-1.0-2.jar;C:\Users\Admin\.m2\repository\javax\activation\activation\1.1\activation-1.1.jar;C:\Users\Admin\.m2\repository\commons-httpclient\commons-httpclient\3.1\commons-httpclient-3.1.jar;C:\Users\Admin\.m2\repository\commons-logging\commons-logging\1.0.4\commons-logging-1.0.4.jar;C:\Users\Admin\.m2\repository\commons-codec\commons-codec\1.2\commons-codec-1.2.jar;C:\Users\Admin\.m2\repository\javax\servlet\servlet-api\2.5\servlet-api-2.5.jar;C:\Users\Admin\.m2\repository\jfree\jcommon\1.0.0\jcommon-1.0.0.jar;C:\Users\Admin\.m2\repository\junit\junit\3.8.1\junit-3.8.1.jar;C:\Users\Admin\.m2\repository\org\slf4j\slf4j-log4j12\1.7.10\slf4j-log4j12-1.7.10.jar;C:\Users\Admin\.m2\repository\org\slf4j\slf4j-api\1.7.10\slf4j-api-1.7.10.jar;C:\Users\Admin\.m2\repository\log4j\log4j\1.2.17\log4j-1.2.17.jar;C:\Users\Admin\.m2\repository\org\hamcrest\hamcrest-all\1.3\hamcrest-all-1.3.jar;C:\Users\Admin\.m2\repository\org\jbehave\jbehave-core\3.7.5\jbehave-core-3.7.5.jar;C:\Users\Admin\.m2\repository\junit\junit-dep\4.8.2\junit-dep-4.8.2.jar;C:\Users\Admin\.m2\repository\org\hamcrest\hamcrest-core\1.1\hamcrest-core-1.1.jar;C:\Users\Admin\.m2\repository\org\hamcrest\hamcrest-library\1.1\hamcrest-library-1.1.jar;C:\Users\Admin\.m2\repository\org\hamcrest\hamcrest-integration\1.1\hamcrest-integration-1.1.jar;C:\Users\Admin\.m2\repository\commons-collections\commons-collections\3.2.1\commons-collections-3.2.1.jar;C:\Users\Admin\.m2\repository\commons-io\commons-io\1.4\commons-io-1.4.jar;C:\Users\Admin\.m2\repository\commons-lang\commons-lang\2.5\commons-lang-2.5.jar;C:\Users\Admin\.m2\repository\org\codehaus\plexus\plexus-utils\2.0.5\plexus-utils-2.0.5.jar;C:\Users\Admin\.m2\repository\org\freemarker\freemarker\2.3.16\freemarker-2.3.16.jar;C:\Users\Admin\.m2\repository\com\thoughtworks\paranamer\paranamer\2.4\paranamer-2.4.jar;C:\Users\Admin\.m2\repository\com\thoughtworks\xstream\xstream\1.3.1\xstream-1.3.1.jar;C:\Users\Admin\.m2\repository\xpp3\xpp3_min\1.1.4c\xpp3_min-1.1.4c.jar;C:\Users\Admin\.m2\repository\de\codecentric\jbehave-junit-runner\1.0.1\jbehave-junit-runner-1.0.1.jar;C:\Users\Admin\.m2\repository\org\mockito\mockito-core\1.9.0\mockito-core-1.9.0.jar;C:\Users\Admin\.m2\repository\org\objenesis\objenesis\1.0\objenesis-1.0.jar;C:\Users\Admin\.m2\repository\org\apache\httpcomponents\httpclient\4.4.1\httpclient-4.4.1.jar;C:\Users\Admin\.m2\repository\org\apache\httpcomponents\httpcore\4.4.1\httpcore-4.4.1.jar;C:\Users\Admin\.m2\repository\org\apache\commons\commons-lang3\3.2\commons-lang3-3.2.jar;C:\Users\Admin\.m2\repository\net\sourceforge\jexcelapi\jxl\2.6.12\jxl-2.6.12.jar;C:\Users\Admin\.m2\repository\org\apache\poi\poi-ooxml\3.9\poi-ooxml-3.9.jar;C:\Users\Admin\.m2\repository\org\apache\poi\poi\3.9\poi-3.9.jar;C:\Users\Admin\.m2\repository\org\apache\poi\poi-ooxml-schemas\3.9\poi-ooxml-schemas-3.9.jar;C:\Users\Admin\.m2\repository\org\apache\xmlbeans\xmlbeans\2.3.0\xmlbeans-2.3.0.jar;C:\Users\Admin\.m2\repository\stax\stax-api\1.0.1\stax-api-1.0.1.jar;C:\Users\Admin\.m2\repository\dom4j\dom4j\1.6.1\dom4j-1.6.1.jar;C:\Users\Admin\.m2\repository\xml-apis\xml-apis\1.0.b2\xml-apis-1.0.b2.jar;C:\Users\Admin\.m2\repository\com\fasterxml\jackson\core\jackson-core\2.4.2\jackson-core-2.4.2.jar;C:\Users\Admin\.m2\repository\com\fasterxml\jackson\core\jackson-databind\2.4.2\jackson-databind-2.4.2.jar;C:\Users\Admin\.m2\repository\com\fasterxml\jackson\core\jackson-annotations\2.4.2\jackson-annotations-2.4.2.jar;C:\Users\Admin\.m2\repository\com\googlecode\json-simple\json-simple\1.1.1\json-simple-1.1.1.jar;C:\Users\Admin\.m2\repository\org\json\json\20090211\json-20090211.jar;C:\Users\Admin\.m2\repository\com\jayway\restassured\json-path\2.4.1\json-path-2.4.1.jar;C:\Users\Admin\.m2\repository\org\codehaus\groovy\groovy-json\2.4.3\groovy-json-2.4.3.jar;C:\Users\Admin\.m2\repository\org\codehaus\groovy\groovy\2.4.3\groovy-2.4.3.jar;C:\Users\Admin\.m2\repository\com\jayway\restassured\rest-assured-common\2.4.1\rest-assured-common-2.4.1.jar;"/>
    <property name="java.specification.name" value="Java Platform API Specification"/>
    <property name="java.class.version" value="51.0"/>
    <property name="sun.management.compiler" value="HotSpot 64-Bit Tiered Compilers"/>
    <property name="os.version" value="6.2"/>
    <property name="user.home" value="C:\Users\Admin"/>
    <property name="user.timezone" value="Asia/Calcutta"/>
    <property name="java.awt.printerjob" value="sun.awt.windows.WPrinterJob"/>
    <property name="java.specification.version" value="1.7"/>
    <property name="file.encoding" value="Cp1252"/>
    <property name="user.name" value="Admin"/>
    <property name="java.class.path" value="E:\C.Users.admin\workspace\macys-stella-attribute-webservice-rest-test\target\test-classes;E:\C.Users.admin\workspace\macys-stella-attribute-webservice-rest-test\target\classes;C:\Users\Admin\.m2\repository\com\oracle\ojdbc14\10.2.0.3.0\ojdbc14-10.2.0.3.0.jar;C:\Users\Admin\.m2\repository\javax\xml\bind\jaxb-api\2.1\jaxb-api-2.1.jar;C:\Users\Admin\.m2\repository\javax\xml\stream\stax-api\1.0-2\stax-api-1.0-2.jar;C:\Users\Admin\.m2\repository\javax\activation\activation\1.1\activation-1.1.jar;C:\Users\Admin\.m2\repository\commons-httpclient\commons-httpclient\3.1\commons-httpclient-3.1.jar;C:\Users\Admin\.m2\repository\commons-logging\commons-logging\1.0.4\commons-logging-1.0.4.jar;C:\Users\Admin\.m2\repository\commons-codec\commons-codec\1.2\commons-codec-1.2.jar;C:\Users\Admin\.m2\repository\javax\servlet\servlet-api\2.5\servlet-api-2.5.jar;C:\Users\Admin\.m2\repository\jfree\jcommon\1.0.0\jcommon-1.0.0.jar;C:\Users\Admin\.m2\repository\junit\junit\3.8.1\junit-3.8.1.jar;C:\Users\Admin\.m2\repository\org\slf4j\slf4j-log4j12\1.7.10\slf4j-log4j12-1.7.10.jar;C:\Users\Admin\.m2\repository\org\slf4j\slf4j-api\1.7.10\slf4j-api-1.7.10.jar;C:\Users\Admin\.m2\repository\log4j\log4j\1.2.17\log4j-1.2.17.jar;C:\Users\Admin\.m2\repository\org\hamcrest\hamcrest-all\1.3\hamcrest-all-1.3.jar;C:\Users\Admin\.m2\repository\org\jbehave\jbehave-core\3.7.5\jbehave-core-3.7.5.jar;C:\Users\Admin\.m2\repository\junit\junit-dep\4.8.2\junit-dep-4.8.2.jar;C:\Users\Admin\.m2\repository\org\hamcrest\hamcrest-core\1.1\hamcrest-core-1.1.jar;C:\Users\Admin\.m2\repository\org\hamcrest\hamcrest-library\1.1\hamcrest-library-1.1.jar;C:\Users\Admin\.m2\repository\org\hamcrest\hamcrest-integration\1.1\hamcrest-integration-1.1.jar;C:\Users\Admin\.m2\repository\commons-collections\commons-collections\3.2.1\commons-collections-3.2.1.jar;C:\Users\Admin\.m2\repository\commons-io\commons-io\1.4\commons-io-1.4.jar;C:\Users\Admin\.m2\repository\commons-lang\commons-lang\2.5\commons-lang-2.5.jar;C:\Users\Admin\.m2\repository\org\codehaus\plexus\plexus-utils\2.0.5\plexus-utils-2.0.5.jar;C:\Users\Admin\.m2\repository\org\freemarker\freemarker\2.3.16\freemarker-2.3.16.jar;C:\Users\Admin\.m2\repository\com\thoughtworks\paranamer\paranamer\2.4\paranamer-2.4.jar;C:\Users\Admin\.m2\repository\com\thoughtworks\xstream\xstream\1.3.1\xstream-1.3.1.jar;C:\Users\Admin\.m2\repository\xpp3\xpp3_min\1.1.4c\xpp3_min-1.1.4c.jar;C:\Users\Admin\.m2\repository\de\codecentric\jbehave-junit-runner\1.0.1\jbehave-junit-runner-1.0.1.jar;C:\Users\Admin\.m2\repository\org\mockito\mockito-core\1.9.0\mockito-core-1.9.0.jar;C:\Users\Admin\.m2\repository\org\objenesis\objenesis\1.0\objenesis-1.0.jar;C:\Users\Admin\.m2\repository\org\apache\httpcomponents\httpclient\4.4.1\httpclient-4.4.1.jar;C:\Users\Admin\.m2\repository\org\apache\httpcomponents\httpcore\4.4.1\httpcore-4.4.1.jar;C:\Users\Admin\.m2\repository\org\apache\commons\commons-lang3\3.2\commons-lang3-3.2.jar;C:\Users\Admin\.m2\repository\net\sourceforge\jexcelapi\jxl\2.6.12\jxl-2.6.12.jar;C:\Users\Admin\.m2\repository\org\apache\poi\poi-ooxml\3.9\poi-ooxml-3.9.jar;C:\Users\Admin\.m2\repository\org\apache\poi\poi\3.9\poi-3.9.jar;C:\Users\Admin\.m2\repository\org\apache\poi\poi-ooxml-schemas\3.9\poi-ooxml-schemas-3.9.jar;C:\Users\Admin\.m2\repository\org\apache\xmlbeans\xmlbeans\2.3.0\xmlbeans-2.3.0.jar;C:\Users\Admin\.m2\repository\stax\stax-api\1.0.1\stax-api-1.0.1.jar;C:\Users\Admin\.m2\repository\dom4j\dom4j\1.6.1\dom4j-1.6.1.jar;C:\Users\Admin\.m2\repository\xml-apis\xml-apis\1.0.b2\xml-apis-1.0.b2.jar;C:\Users\Admin\.m2\repository\com\fasterxml\jackson\core\jackson-core\2.4.2\jackson-core-2.4.2.jar;C:\Users\Admin\.m2\repository\com\fasterxml\jackson\core\jackson-databind\2.4.2\jackson-databind-2.4.2.jar;C:\Users\Admin\.m2\repository\com\fasterxml\jackson\core\jackson-annotations\2.4.2\jackson-annotations-2.4.2.jar;C:\Users\Admin\.m2\repository\com\googlecode\json-simple\json-simple\1.1.1\json-simple-1.1.1.jar;C:\Users\Admin\.m2\repository\org\json\json\20090211\json-20090211.jar;C:\Users\Admin\.m2\repository\com\jayway\restassured\json-path\2.4.1\json-path-2.4.1.jar;C:\Users\Admin\.m2\repository\org\codehaus\groovy\groovy-json\2.4.3\groovy-json-2.4.3.jar;C:\Users\Admin\.m2\repository\org\codehaus\groovy\groovy\2.4.3\groovy-2.4.3.jar;C:\Users\Admin\.m2\repository\com\jayway\restassured\rest-assured-common\2.4.1\rest-assured-common-2.4.1.jar;"/>
    <property name="java.vm.specification.version" value="1.7"/>
    <property name="sun.arch.data.model" value="64"/>
    <property name="java.home" value="C:\Program Files\Java\jdk1.7.0_13\jre"/>
    <property name="sun.java.command" value="E:\C.Users.admin\workspace\macys-stella-attribute-webservice-rest-test\target\surefire\surefirebooter4157426584744473155.jar E:\C.Users.admin\workspace\macys-stella-attribute-webservice-rest-test\target\surefire\surefire1988105633740314768tmp E:\C.Users.admin\workspace\macys-stella-attribute-webservice-rest-test\target\surefire\surefire2436570764051772423tmp"/>
    <property name="java.specification.vendor" value="Oracle Corporation"/>
    <property name="user.language" value="en"/>
    <property name="awt.toolkit" value="sun.awt.windows.WToolkit"/>
    <property name="java.vm.info" value="mixed mode"/>
    <property name="java.version" value="1.7.0_13"/>
    <property name="java.ext.dirs" value="C:\Program Files\Java\jdk1.7.0_13\jre\lib\ext;C:\WINDOWS\Sun\Java\lib\ext"/>
    <property name="sun.boot.class.path" value="C:\Program Files\Java\jdk1.7.0_13\jre\lib\resources.jar;C:\Program Files\Java\jdk1.7.0_13\jre\lib\rt.jar;C:\Program Files\Java\jdk1.7.0_13\jre\lib\sunrsasign.jar;C:\Program Files\Java\jdk1.7.0_13\jre\lib\jsse.jar;C:\Program Files\Java\jdk1.7.0_13\jre\lib\jce.jar;C:\Program Files\Java\jdk1.7.0_13\jre\lib\charsets.jar;C:\Program Files\Java\jdk1.7.0_13\jre\lib\jfr.jar;C:\Program Files\Java\jdk1.7.0_13\jre\classes"/>
    <property name="java.vendor" value="Oracle Corporation"/>
    <property name="localRepository" value="C:\Users\Admin\.m2\repository"/>
    <property name="file.separator" value="\"/>
    <property name="java.vendor.url.bug" value="http://bugreport.sun.com/bugreport/"/>
    <property name="sun.cpu.endian" value="little"/>
    <property name="sun.io.unicode.encoding" value="UnicodeLittle"/>
    <property name="sun.desktop" value="windows"/>
    <property name="sun.cpu.isalist" value="amd64"/>
  </properties>
</testsuite>